  [1m[35m (85.8ms)[0m  [1m[35mCREATE DATABASE "first_routes_and_controllers_development" ENCODING = 'unicode'[0m
  [1m[35m (25.6ms)[0m  [1m[35mCREATE DATABASE "first_routes_and_controllers_test" ENCODING = 'unicode'[0m
Started GET "/" for ::1 at 2021-07-04 10:16:57 -0700
Processing by Rails::WelcomeController#index as HTML
  Rendering /Users/thomasdobbert/.rbenv/versions/2.7.2/lib/ruby/gems/2.7.0/gems/railties-6.1.4/lib/rails/templates/rails/welcome/index.html.erb
  Rendered /Users/thomasdobbert/.rbenv/versions/2.7.2/lib/ruby/gems/2.7.0/gems/railties-6.1.4/lib/rails/templates/rails/welcome/index.html.erb (Duration: 4.0ms | Allocations: 445)
Completed 200 OK in 12ms (Views: 6.2ms | ActiveRecord: 0.0ms | Allocations: 3556)


Started GET "/" for ::1 at 2021-07-04 10:32:53 -0700
Processing by Rails::WelcomeController#index as */*
  Rendering /Users/thomasdobbert/.rbenv/versions/2.7.2/lib/ruby/gems/2.7.0/gems/railties-6.1.4/lib/rails/templates/rails/welcome/index.html.erb
  Rendered /Users/thomasdobbert/.rbenv/versions/2.7.2/lib/ruby/gems/2.7.0/gems/railties-6.1.4/lib/rails/templates/rails/welcome/index.html.erb (Duration: 12.7ms | Allocations: 219)
Completed 200 OK in 18ms (Views: 14.1ms | Allocations: 859)


Started GET "/users" for ::1 at 2021-07-07 08:09:15 -0700
  
AbstractController::ActionNotFound (The action 'index' could not be found for UsersController):
  
actionpack (6.1.4) lib/abstract_controller/base.rb:160:in `process'
actionview (6.1.4) lib/action_view/rendering.rb:39:in `process'
actionpack (6.1.4) lib/action_controller/metal.rb:190:in `dispatch'
actionpack (6.1.4) lib/action_controller/metal.rb:254:in `dispatch'
actionpack (6.1.4) lib/action_dispatch/routing/route_set.rb:50:in `dispatch'
actionpack (6.1.4) lib/action_dispatch/routing/route_set.rb:33:in `serve'
actionpack (6.1.4) lib/action_dispatch/journey/router.rb:50:in `block in serve'
actionpack (6.1.4) lib/action_dispatch/journey/router.rb:32:in `each'
actionpack (6.1.4) lib/action_dispatch/journey/router.rb:32:in `serve'
actionpack (6.1.4) lib/action_dispatch/routing/route_set.rb:842:in `call'
rack (2.2.3) lib/rack/tempfile_reaper.rb:15:in `call'
rack (2.2.3) lib/rack/etag.rb:27:in `call'
rack (2.2.3) lib/rack/conditional_get.rb:27:in `call'
rack (2.2.3) lib/rack/head.rb:12:in `call'
actionpack (6.1.4) lib/action_dispatch/http/permissions_policy.rb:22:in `call'
actionpack (6.1.4) lib/action_dispatch/http/content_security_policy.rb:18:in `call'
rack (2.2.3) lib/rack/session/abstract/id.rb:266:in `context'
rack (2.2.3) lib/rack/session/abstract/id.rb:260:in `call'
actionpack (6.1.4) lib/action_dispatch/middleware/cookies.rb:689:in `call'
activerecord (6.1.4) lib/active_record/migration.rb:601:in `call'
actionpack (6.1.4) lib/action_dispatch/middleware/callbacks.rb:27:in `block in call'
activesupport (6.1.4) lib/active_support/callbacks.rb:98:in `run_callbacks'
actionpack (6.1.4) lib/action_dispatch/middleware/callbacks.rb:26:in `call'
actionpack (6.1.4) lib/action_dispatch/middleware/executor.rb:14:in `call'
actionpack (6.1.4) lib/action_dispatch/middleware/actionable_exceptions.rb:18:in `call'
actionpack (6.1.4) lib/action_dispatch/middleware/debug_exceptions.rb:29:in `call'
web-console (4.1.0) lib/web_console/middleware.rb:132:in `call_app'
web-console (4.1.0) lib/web_console/middleware.rb:28:in `block in call'
web-console (4.1.0) lib/web_console/middleware.rb:17:in `catch'
web-console (4.1.0) lib/web_console/middleware.rb:17:in `call'
actionpack (6.1.4) lib/action_dispatch/middleware/show_exceptions.rb:33:in `call'
railties (6.1.4) lib/rails/rack/logger.rb:37:in `call_app'
railties (6.1.4) lib/rails/rack/logger.rb:26:in `block in call'
activesupport (6.1.4) lib/active_support/tagged_logging.rb:99:in `block in tagged'
activesupport (6.1.4) lib/active_support/tagged_logging.rb:37:in `tagged'
activesupport (6.1.4) lib/active_support/tagged_logging.rb:99:in `tagged'
railties (6.1.4) lib/rails/rack/logger.rb:26:in `call'
sprockets-rails (3.2.2) lib/sprockets/rails/quiet_assets.rb:13:in `call'
actionpack (6.1.4) lib/action_dispatch/middleware/remote_ip.rb:81:in `call'
actionpack (6.1.4) lib/action_dispatch/middleware/request_id.rb:26:in `call'
rack (2.2.3) lib/rack/method_override.rb:24:in `call'
rack (2.2.3) lib/rack/runtime.rb:22:in `call'
activesupport (6.1.4) lib/active_support/cache/strategy/local_cache_middleware.rb:29:in `call'
actionpack (6.1.4) lib/action_dispatch/middleware/executor.rb:14:in `call'
actionpack (6.1.4) lib/action_dispatch/middleware/static.rb:24:in `call'
rack (2.2.3) lib/rack/sendfile.rb:110:in `call'
actionpack (6.1.4) lib/action_dispatch/middleware/host_authorization.rb:98:in `call'
rack-mini-profiler (2.3.2) lib/mini_profiler/profiler.rb:384:in `call'
webpacker (5.4.0) lib/webpacker/dev_server_proxy.rb:25:in `perform_request'
rack-proxy (0.7.0) lib/rack/proxy.rb:63:in `call'
railties (6.1.4) lib/rails/engine.rb:539:in `call'
puma (5.3.2) lib/puma/configuration.rb:249:in `call'
puma (5.3.2) lib/puma/request.rb:77:in `block in handle_request'
puma (5.3.2) lib/puma/thread_pool.rb:338:in `with_force_shutdown'
puma (5.3.2) lib/puma/request.rb:76:in `handle_request'
puma (5.3.2) lib/puma/server.rb:438:in `process_client'
puma (5.3.2) lib/puma/thread_pool.rb:145:in `block in spawn_thread'
Started GET "/users" for ::1 at 2021-07-07 08:13:12 -0700
Processing by UsersController#index as */*
No template found for UsersController#index, rendering head :no_content
Completed 204 No Content in 6ms (ActiveRecord: 0.0ms | Allocations: 1722)


Started GET "/users" for ::1 at 2021-07-07 08:13:27 -0700
Processing by UsersController#index as */*
No template found for UsersController#index, rendering head :no_content
Completed 204 No Content in 1ms (ActiveRecord: 0.0ms | Allocations: 207)


Started GET "/users" for ::1 at 2021-07-07 08:16:42 -0700
Processing by UsersController#index as */*
  Rendering text template
  Rendered text template (Duration: 0.1ms | Allocations: 26)
Completed 200 OK in 2ms (Views: 2.0ms | ActiveRecord: 0.0ms | Allocations: 563)


Started GET "//users?fav_food=pizza" for ::1 at 2021-07-07 08:20:09 -0700
Processing by UsersController#index as */*
  Parameters: {"fav_food"=>"pizza"}
  Rendering text template
  Rendered text template (Duration: 0.1ms | Allocations: 26)
Completed 200 OK in 1ms (Views: 0.7ms | ActiveRecord: 0.0ms | Allocations: 253)


Started GET "///users?admin=true" for ::1 at 2021-07-07 08:21:59 -0700
Processing by UsersController#index as */*
  Parameters: {"admin"=>"true"}
  Rendering text template
  Rendered text template (Duration: 0.1ms | Allocations: 26)
Completed 200 OK in 1ms (Views: 0.5ms | ActiveRecord: 0.0ms | Allocations: 251)


Started POST "/users?admin=true" for ::1 at 2021-07-07 08:23:22 -0700
  
AbstractController::ActionNotFound (The action 'create' could not be found for UsersController
Did you mean?  index):
  
actionpack (6.1.4) lib/abstract_controller/base.rb:160:in `process'
actionview (6.1.4) lib/action_view/rendering.rb:39:in `process'
actionpack (6.1.4) lib/action_controller/metal.rb:190:in `dispatch'
actionpack (6.1.4) lib/action_controller/metal.rb:254:in `dispatch'
actionpack (6.1.4) lib/action_dispatch/routing/route_set.rb:50:in `dispatch'
actionpack (6.1.4) lib/action_dispatch/routing/route_set.rb:33:in `serve'
actionpack (6.1.4) lib/action_dispatch/journey/router.rb:50:in `block in serve'
actionpack (6.1.4) lib/action_dispatch/journey/router.rb:32:in `each'
actionpack (6.1.4) lib/action_dispatch/journey/router.rb:32:in `serve'
actionpack (6.1.4) lib/action_dispatch/routing/route_set.rb:842:in `call'
rack (2.2.3) lib/rack/tempfile_reaper.rb:15:in `call'
rack (2.2.3) lib/rack/etag.rb:27:in `call'
rack (2.2.3) lib/rack/conditional_get.rb:40:in `call'
rack (2.2.3) lib/rack/head.rb:12:in `call'
actionpack (6.1.4) lib/action_dispatch/http/permissions_policy.rb:22:in `call'
actionpack (6.1.4) lib/action_dispatch/http/content_security_policy.rb:18:in `call'
rack (2.2.3) lib/rack/session/abstract/id.rb:266:in `context'
rack (2.2.3) lib/rack/session/abstract/id.rb:260:in `call'
actionpack (6.1.4) lib/action_dispatch/middleware/cookies.rb:689:in `call'
activerecord (6.1.4) lib/active_record/migration.rb:601:in `call'
actionpack (6.1.4) lib/action_dispatch/middleware/callbacks.rb:27:in `block in call'
activesupport (6.1.4) lib/active_support/callbacks.rb:98:in `run_callbacks'
actionpack (6.1.4) lib/action_dispatch/middleware/callbacks.rb:26:in `call'
actionpack (6.1.4) lib/action_dispatch/middleware/executor.rb:14:in `call'
actionpack (6.1.4) lib/action_dispatch/middleware/actionable_exceptions.rb:18:in `call'
actionpack (6.1.4) lib/action_dispatch/middleware/debug_exceptions.rb:29:in `call'
web-console (4.1.0) lib/web_console/middleware.rb:132:in `call_app'
web-console (4.1.0) lib/web_console/middleware.rb:28:in `block in call'
web-console (4.1.0) lib/web_console/middleware.rb:17:in `catch'
web-console (4.1.0) lib/web_console/middleware.rb:17:in `call'
actionpack (6.1.4) lib/action_dispatch/middleware/show_exceptions.rb:33:in `call'
railties (6.1.4) lib/rails/rack/logger.rb:37:in `call_app'
railties (6.1.4) lib/rails/rack/logger.rb:26:in `block in call'
activesupport (6.1.4) lib/active_support/tagged_logging.rb:99:in `block in tagged'
activesupport (6.1.4) lib/active_support/tagged_logging.rb:37:in `tagged'
activesupport (6.1.4) lib/active_support/tagged_logging.rb:99:in `tagged'
railties (6.1.4) lib/rails/rack/logger.rb:26:in `call'
sprockets-rails (3.2.2) lib/sprockets/rails/quiet_assets.rb:13:in `call'
actionpack (6.1.4) lib/action_dispatch/middleware/remote_ip.rb:81:in `call'
actionpack (6.1.4) lib/action_dispatch/middleware/request_id.rb:26:in `call'
rack (2.2.3) lib/rack/method_override.rb:24:in `call'
rack (2.2.3) lib/rack/runtime.rb:22:in `call'
activesupport (6.1.4) lib/active_support/cache/strategy/local_cache_middleware.rb:29:in `call'
actionpack (6.1.4) lib/action_dispatch/middleware/executor.rb:14:in `call'
actionpack (6.1.4) lib/action_dispatch/middleware/static.rb:24:in `call'
rack (2.2.3) lib/rack/sendfile.rb:110:in `call'
actionpack (6.1.4) lib/action_dispatch/middleware/host_authorization.rb:98:in `call'
rack-mini-profiler (2.3.2) lib/mini_profiler/profiler.rb:384:in `call'
webpacker (5.4.0) lib/webpacker/dev_server_proxy.rb:25:in `perform_request'
rack-proxy (0.7.0) lib/rack/proxy.rb:63:in `call'
railties (6.1.4) lib/rails/engine.rb:539:in `call'
puma (5.3.2) lib/puma/configuration.rb:249:in `call'
puma (5.3.2) lib/puma/request.rb:77:in `block in handle_request'
puma (5.3.2) lib/puma/thread_pool.rb:338:in `with_force_shutdown'
puma (5.3.2) lib/puma/request.rb:76:in `handle_request'
puma (5.3.2) lib/puma/server.rb:438:in `process_client'
puma (5.3.2) lib/puma/thread_pool.rb:145:in `block in spawn_thread'
Started POST "/users" for ::1 at 2021-07-07 08:25:08 -0700
  
AbstractController::ActionNotFound (The action 'create' could not be found for UsersController
Did you mean?  index):
  
actionpack (6.1.4) lib/abstract_controller/base.rb:160:in `process'
actionview (6.1.4) lib/action_view/rendering.rb:39:in `process'
actionpack (6.1.4) lib/action_controller/metal.rb:190:in `dispatch'
actionpack (6.1.4) lib/action_controller/metal.rb:254:in `dispatch'
actionpack (6.1.4) lib/action_dispatch/routing/route_set.rb:50:in `dispatch'
actionpack (6.1.4) lib/action_dispatch/routing/route_set.rb:33:in `serve'
actionpack (6.1.4) lib/action_dispatch/journey/router.rb:50:in `block in serve'
actionpack (6.1.4) lib/action_dispatch/journey/router.rb:32:in `each'
actionpack (6.1.4) lib/action_dispatch/journey/router.rb:32:in `serve'
actionpack (6.1.4) lib/action_dispatch/routing/route_set.rb:842:in `call'
rack (2.2.3) lib/rack/tempfile_reaper.rb:15:in `call'
rack (2.2.3) lib/rack/etag.rb:27:in `call'
rack (2.2.3) lib/rack/conditional_get.rb:40:in `call'
rack (2.2.3) lib/rack/head.rb:12:in `call'
actionpack (6.1.4) lib/action_dispatch/http/permissions_policy.rb:22:in `call'
actionpack (6.1.4) lib/action_dispatch/http/content_security_policy.rb:18:in `call'
rack (2.2.3) lib/rack/session/abstract/id.rb:266:in `context'
rack (2.2.3) lib/rack/session/abstract/id.rb:260:in `call'
actionpack (6.1.4) lib/action_dispatch/middleware/cookies.rb:689:in `call'
activerecord (6.1.4) lib/active_record/migration.rb:601:in `call'
actionpack (6.1.4) lib/action_dispatch/middleware/callbacks.rb:27:in `block in call'
activesupport (6.1.4) lib/active_support/callbacks.rb:98:in `run_callbacks'
actionpack (6.1.4) lib/action_dispatch/middleware/callbacks.rb:26:in `call'
actionpack (6.1.4) lib/action_dispatch/middleware/executor.rb:14:in `call'
actionpack (6.1.4) lib/action_dispatch/middleware/actionable_exceptions.rb:18:in `call'
actionpack (6.1.4) lib/action_dispatch/middleware/debug_exceptions.rb:29:in `call'
web-console (4.1.0) lib/web_console/middleware.rb:132:in `call_app'
web-console (4.1.0) lib/web_console/middleware.rb:28:in `block in call'
web-console (4.1.0) lib/web_console/middleware.rb:17:in `catch'
web-console (4.1.0) lib/web_console/middleware.rb:17:in `call'
actionpack (6.1.4) lib/action_dispatch/middleware/show_exceptions.rb:33:in `call'
railties (6.1.4) lib/rails/rack/logger.rb:37:in `call_app'
railties (6.1.4) lib/rails/rack/logger.rb:26:in `block in call'
activesupport (6.1.4) lib/active_support/tagged_logging.rb:99:in `block in tagged'
activesupport (6.1.4) lib/active_support/tagged_logging.rb:37:in `tagged'
activesupport (6.1.4) lib/active_support/tagged_logging.rb:99:in `tagged'
railties (6.1.4) lib/rails/rack/logger.rb:26:in `call'
sprockets-rails (3.2.2) lib/sprockets/rails/quiet_assets.rb:13:in `call'
actionpack (6.1.4) lib/action_dispatch/middleware/remote_ip.rb:81:in `call'
actionpack (6.1.4) lib/action_dispatch/middleware/request_id.rb:26:in `call'
rack (2.2.3) lib/rack/method_override.rb:24:in `call'
rack (2.2.3) lib/rack/runtime.rb:22:in `call'
activesupport (6.1.4) lib/active_support/cache/strategy/local_cache_middleware.rb:29:in `call'
actionpack (6.1.4) lib/action_dispatch/middleware/executor.rb:14:in `call'
actionpack (6.1.4) lib/action_dispatch/middleware/static.rb:24:in `call'
rack (2.2.3) lib/rack/sendfile.rb:110:in `call'
actionpack (6.1.4) lib/action_dispatch/middleware/host_authorization.rb:98:in `call'
rack-mini-profiler (2.3.2) lib/mini_profiler/profiler.rb:384:in `call'
webpacker (5.4.0) lib/webpacker/dev_server_proxy.rb:25:in `perform_request'
rack-proxy (0.7.0) lib/rack/proxy.rb:63:in `call'
railties (6.1.4) lib/rails/engine.rb:539:in `call'
puma (5.3.2) lib/puma/configuration.rb:249:in `call'
puma (5.3.2) lib/puma/request.rb:77:in `block in handle_request'
puma (5.3.2) lib/puma/thread_pool.rb:338:in `with_force_shutdown'
puma (5.3.2) lib/puma/request.rb:76:in `handle_request'
puma (5.3.2) lib/puma/server.rb:438:in `process_client'
puma (5.3.2) lib/puma/thread_pool.rb:145:in `block in spawn_thread'
Started POST "/users" for ::1 at 2021-07-07 08:27:30 -0700
Processing by UsersController#create as */*
  Parameters: {"admin"=>"true"}
Completed 200 OK in 0ms (Views: 0.1ms | Allocations: 211)


Started GET "/users/2" for ::1 at 2021-07-07 08:29:03 -0700
  
AbstractController::ActionNotFound (The action 'show' could not be found for UsersController
Did you mean?  create
               index):
  
actionpack (6.1.4) lib/abstract_controller/base.rb:160:in `process'
actionview (6.1.4) lib/action_view/rendering.rb:39:in `process'
actionpack (6.1.4) lib/action_controller/metal.rb:190:in `dispatch'
actionpack (6.1.4) lib/action_controller/metal.rb:254:in `dispatch'
actionpack (6.1.4) lib/action_dispatch/routing/route_set.rb:50:in `dispatch'
actionpack (6.1.4) lib/action_dispatch/routing/route_set.rb:33:in `serve'
actionpack (6.1.4) lib/action_dispatch/journey/router.rb:50:in `block in serve'
actionpack (6.1.4) lib/action_dispatch/journey/router.rb:32:in `each'
actionpack (6.1.4) lib/action_dispatch/journey/router.rb:32:in `serve'
actionpack (6.1.4) lib/action_dispatch/routing/route_set.rb:842:in `call'
rack (2.2.3) lib/rack/tempfile_reaper.rb:15:in `call'
rack (2.2.3) lib/rack/etag.rb:27:in `call'
rack (2.2.3) lib/rack/conditional_get.rb:27:in `call'
rack (2.2.3) lib/rack/head.rb:12:in `call'
actionpack (6.1.4) lib/action_dispatch/http/permissions_policy.rb:22:in `call'
actionpack (6.1.4) lib/action_dispatch/http/content_security_policy.rb:18:in `call'
rack (2.2.3) lib/rack/session/abstract/id.rb:266:in `context'
rack (2.2.3) lib/rack/session/abstract/id.rb:260:in `call'
actionpack (6.1.4) lib/action_dispatch/middleware/cookies.rb:689:in `call'
activerecord (6.1.4) lib/active_record/migration.rb:601:in `call'
actionpack (6.1.4) lib/action_dispatch/middleware/callbacks.rb:27:in `block in call'
activesupport (6.1.4) lib/active_support/callbacks.rb:98:in `run_callbacks'
actionpack (6.1.4) lib/action_dispatch/middleware/callbacks.rb:26:in `call'
actionpack (6.1.4) lib/action_dispatch/middleware/executor.rb:14:in `call'
actionpack (6.1.4) lib/action_dispatch/middleware/actionable_exceptions.rb:18:in `call'
actionpack (6.1.4) lib/action_dispatch/middleware/debug_exceptions.rb:29:in `call'
web-console (4.1.0) lib/web_console/middleware.rb:132:in `call_app'
web-console (4.1.0) lib/web_console/middleware.rb:28:in `block in call'
web-console (4.1.0) lib/web_console/middleware.rb:17:in `catch'
web-console (4.1.0) lib/web_console/middleware.rb:17:in `call'
actionpack (6.1.4) lib/action_dispatch/middleware/show_exceptions.rb:33:in `call'
railties (6.1.4) lib/rails/rack/logger.rb:37:in `call_app'
railties (6.1.4) lib/rails/rack/logger.rb:26:in `block in call'
activesupport (6.1.4) lib/active_support/tagged_logging.rb:99:in `block in tagged'
activesupport (6.1.4) lib/active_support/tagged_logging.rb:37:in `tagged'
activesupport (6.1.4) lib/active_support/tagged_logging.rb:99:in `tagged'
railties (6.1.4) lib/rails/rack/logger.rb:26:in `call'
sprockets-rails (3.2.2) lib/sprockets/rails/quiet_assets.rb:13:in `call'
actionpack (6.1.4) lib/action_dispatch/middleware/remote_ip.rb:81:in `call'
actionpack (6.1.4) lib/action_dispatch/middleware/request_id.rb:26:in `call'
rack (2.2.3) lib/rack/method_override.rb:24:in `call'
rack (2.2.3) lib/rack/runtime.rb:22:in `call'
activesupport (6.1.4) lib/active_support/cache/strategy/local_cache_middleware.rb:29:in `call'
actionpack (6.1.4) lib/action_dispatch/middleware/executor.rb:14:in `call'
actionpack (6.1.4) lib/action_dispatch/middleware/static.rb:24:in `call'
rack (2.2.3) lib/rack/sendfile.rb:110:in `call'
actionpack (6.1.4) lib/action_dispatch/middleware/host_authorization.rb:98:in `call'
rack-mini-profiler (2.3.2) lib/mini_profiler/profiler.rb:384:in `call'
webpacker (5.4.0) lib/webpacker/dev_server_proxy.rb:25:in `perform_request'
rack-proxy (0.7.0) lib/rack/proxy.rb:63:in `call'
railties (6.1.4) lib/rails/engine.rb:539:in `call'
puma (5.3.2) lib/puma/configuration.rb:249:in `call'
puma (5.3.2) lib/puma/request.rb:77:in `block in handle_request'
puma (5.3.2) lib/puma/thread_pool.rb:338:in `with_force_shutdown'
puma (5.3.2) lib/puma/request.rb:76:in `handle_request'
puma (5.3.2) lib/puma/server.rb:438:in `process_client'
puma (5.3.2) lib/puma/thread_pool.rb:145:in `block in spawn_thread'
Started GET "/users/2" for ::1 at 2021-07-07 08:30:49 -0700
Processing by UsersController#show as */*
  Parameters: {"admin"=>"true", "id"=>"2"}
Completed 200 OK in 0ms (Views: 0.1ms | Allocations: 213)


Started GET "/users/2" for ::1 at 2021-07-07 08:31:11 -0700
Processing by UsersController#show as */*
  Parameters: {"text/plain"=>[""], "id"=>"2"}
Completed 200 OK in 0ms (Views: 0.2ms | Allocations: 210)


Started GET "/users/2" for ::1 at 2021-07-07 08:31:18 -0700
Processing by UsersController#show as */*
  Parameters: {"id"=>"2"}
Completed 200 OK in 1ms (Views: 0.3ms | Allocations: 198)


Started GET "/users?some_category[a_key]=[FILTERED]&some_category[a_second_key]=[FILTERED]" for ::1 at 2021-07-07 08:35:20 -0700
Processing by UsersController#index as */*
  Parameters: {"some_category"=>{"a_key"=>"[FILTERED]", "a_second_key"=>"[FILTERED]"}, "something_else"=>"'aaaaahhh'"}
  Rendering text template
  Rendered text template (Duration: 0.1ms | Allocations: 25)
Completed 200 OK in 1ms (Views: 0.9ms | Allocations: 362)


Started POST "/users?some_category[a_key]=[FILTERED]&some_category[a_second_key]=[FILTERED]" for ::1 at 2021-07-07 08:35:32 -0700
Processing by UsersController#create as */*
  Parameters: {"some_category"=>{"a_key"=>"[FILTERED]", "a_second_key"=>"[FILTERED]"}, "something_else"=>"'aaaaahhh'"}
Completed 200 OK in 1ms (Views: 0.2ms | Allocations: 230)


Started POST "/users/2?some_category[a_key]=[FILTERED]&some_category[a_second_key]=[FILTERED]" for ::1 at 2021-07-07 08:38:04 -0700
  
ActionController::RoutingError (No route matches [POST] "/users/2"):
  
Started POST "/users?some_category[a_key]=[FILTERED]&some_category[a_second_key]=[FILTERED]" for ::1 at 2021-07-07 08:38:20 -0700
Processing by UsersController#create as */*
  Parameters: {"some_category"=>{"a_key"=>"[FILTERED]", "a_second_key"=>"[FILTERED]"}, "something_else"=>"'aaaaahhh'"}
Completed 200 OK in 1ms (Views: 0.2ms | Allocations: 230)


  [1m[35m (27.1ms)[0m  [1m[35mCREATE TABLE "schema_migrations" ("version" character varying NOT NULL PRIMARY KEY)[0m
  [1m[35m (2.7ms)[0m  [1m[35mCREATE TABLE "ar_internal_metadata" ("key" character varying NOT NULL PRIMARY KEY, "value" character varying, "created_at" timestamp(6) NOT NULL, "updated_at" timestamp(6) NOT NULL)[0m
  [1m[35m (0.5ms)[0m  [1m[34mSELECT pg_try_advisory_lock(2711202859307440470)[0m
  [1m[35m (0.5ms)[0m  [1m[34mSELECT "schema_migrations"."version" FROM "schema_migrations" ORDER BY "schema_migrations"."version" ASC[0m
Migrating to CreateUsers (20210707155317)
  [1m[36mTRANSACTION (0.4ms)[0m  [1m[35mBEGIN[0m
  [1m[35m (5.2ms)[0m  [1m[35mCREATE TABLE "users" ("id" bigserial primary key, "name" character varying NOT NULL, "email" character varying NOT NULL, "created_at" timestamp(6) NOT NULL, "updated_at" timestamp(6) NOT NULL)[0m
  [1m[36mActiveRecord::SchemaMigration Create (1.5ms)[0m  [1m[32mINSERT INTO "schema_migrations" ("version") VALUES ($1) RETURNING "version"[0m  [["version", "20210707155317"]]
  [1m[36mTRANSACTION (0.4ms)[0m  [1m[35mCOMMIT[0m
  [1m[36mActiveRecord::InternalMetadata Load (0.4ms)[0m  [1m[34mSELECT "ar_internal_metadata".* FROM "ar_internal_metadata" WHERE "ar_internal_metadata"."key" = $1 LIMIT $2[0m  [["key", "environment"], ["LIMIT", 1]]
  [1m[36mTRANSACTION (0.1ms)[0m  [1m[35mBEGIN[0m
  [1m[36mActiveRecord::InternalMetadata Create (1.5ms)[0m  [1m[32mINSERT INTO "ar_internal_metadata" ("key", "value", "created_at", "updated_at") VALUES ($1, $2, $3, $4) RETURNING "key"[0m  [["key", "environment"], ["value", "development"], ["created_at", "2021-07-07 16:16:13.745876"], ["updated_at", "2021-07-07 16:16:13.745876"]]
  [1m[36mTRANSACTION (0.1ms)[0m  [1m[35mCOMMIT[0m
  [1m[35m (0.2ms)[0m  [1m[34mSELECT pg_advisory_unlock(2711202859307440470)[0m
  [1m[35m (0.7ms)[0m  [1m[34mSELECT "schema_migrations"."version" FROM "schema_migrations" ORDER BY "schema_migrations"."version" ASC[0m
  [1m[36mTRANSACTION (1.5ms)[0m  [1m[35mBEGIN[0m
  [1m[36mUser Create (2.0ms)[0m  [1m[32mINSERT INTO "users" ("name", "email", "created_at", "updated_at") VALUES ($1, $2, $3, $4) RETURNING "id"[0m  [["name", "Tommy"], ["email", "tommy@gmail.com"], ["created_at", "2021-07-07 16:18:51.763164"], ["updated_at", "2021-07-07 16:18:51.763164"]]
  [1m[36mTRANSACTION (0.3ms)[0m  [1m[35mCOMMIT[0m
  [1m[36mUser Load (1.6ms)[0m  [1m[34mSELECT "users".* FROM "users" ORDER BY "users"."id" ASC LIMIT $1[0m  [["LIMIT", 1]]
  [1m[36mUser Load (0.8ms)[0m  [1m[34mSELECT "users".* FROM "users" WHERE "users"."name" = $1 LIMIT $2[0m  [["name", "Tommy"], ["LIMIT", 1]]
Started GET "/users" for ::1 at 2021-07-07 09:34:00 -0700
  [1m[35m (1.8ms)[0m  [1m[34mSELECT "schema_migrations"."version" FROM "schema_migrations" ORDER BY "schema_migrations"."version" ASC[0m
Processing by UsersController#index as */*
  [1m[36mUser Load (1.3ms)[0m  [1m[34mSELECT "users".* FROM "users"[0m
  ↳ app/controllers/users_controller.rb:4:in `index'
Completed 200 OK in 20ms (Views: 3.1ms | ActiveRecord: 13.9ms | Allocations: 5461)


Started POST "/users" for ::1 at 2021-07-07 09:44:57 -0700
Processing by UsersController#create as */*
  Parameters: {"user"=>{":name"=>"'Alex'", ":email"=>"'alex@gmail.com'"}}
[31mUnpermitted parameters: ::name, ::email[0m
Completed 422 Unprocessable Entity in 37ms (ActiveRecord: 17.4ms | Allocations: 9451)


  
ActiveRecord::RecordInvalid (Validation failed: Name can't be blank, Email can't be blank):
  
app/controllers/users_controller.rb:10:in `create'
Started POST "/users" for ::1 at 2021-07-07 09:45:44 -0700
Processing by UsersController#create as */*
  Parameters: {"user"=>{"name"=>"'Alex'", "email"=>"'alex@gmail.com'"}}
  [1m[36mTRANSACTION (1.5ms)[0m  [1m[35mBEGIN[0m
  ↳ app/controllers/users_controller.rb:10:in `create'
  [1m[36mUser Create (3.9ms)[0m  [1m[32mINSERT INTO "users" ("name", "email", "created_at", "updated_at") VALUES ($1, $2, $3, $4) RETURNING "id"[0m  [["name", "'Alex'"], ["email", "'alex@gmail.com'"], ["created_at", "2021-07-07 16:45:44.701762"], ["updated_at", "2021-07-07 16:45:44.701762"]]
  ↳ app/controllers/users_controller.rb:10:in `create'
  [1m[36mTRANSACTION (2.8ms)[0m  [1m[35mCOMMIT[0m
  ↳ app/controllers/users_controller.rb:10:in `create'
Completed 200 OK in 16ms (Views: 0.6ms | ActiveRecord: 8.1ms | Allocations: 2755)


Started GET "/users" for ::1 at 2021-07-07 09:46:06 -0700
Processing by UsersController#index as */*
  Parameters: {"user"=>{"name"=>"'Alex'", "email"=>"'alex@gmail.com'"}}
  [1m[36mUser Load (2.0ms)[0m  [1m[34mSELECT "users".* FROM "users"[0m
  ↳ app/controllers/users_controller.rb:4:in `index'
Completed 200 OK in 8ms (Views: 4.8ms | ActiveRecord: 2.0ms | Allocations: 1292)


Started POST "/users" for ::1 at 2021-07-07 09:47:50 -0700
Processing by UsersController#create as */*
  Parameters: {"user"=>{"name"=>"'Alex'", "email"=>""}}
Completed 422 Unprocessable Entity in 27ms (Views: 0.1ms | ActiveRecord: 21.3ms | Allocations: 4361)


Started GET "/users/1" for ::1 at 2021-07-07 09:57:12 -0700
Processing by UsersController#show as */*
  Parameters: {"id"=>"1"}
  [1m[36mUser Load (1.2ms)[0m  [1m[34mSELECT "users".* FROM "users" WHERE "users"."id" = $1 LIMIT $2[0m  [["id", 1], ["LIMIT", 1]]
  ↳ app/controllers/users_controller.rb:18:in `show'
Completed 200 OK in 40ms (Views: 0.3ms | ActiveRecord: 22.1ms | Allocations: 6667)


Started PATCH "/users/1" for ::1 at 2021-07-07 10:03:12 -0700
Processing by UsersController#update as */*
  Parameters: {"user"=>{"name"=>"'Tom'", "email"=>"'tomtom@gmail.com'"}, "id"=>"1"}
Completed 500 Internal Server Error in 1ms (Allocations: 711)


  
ArgumentError (wrong number of arguments (given 1, expected 0)):
  
app/controllers/users_controller.rb:22:in `update'
Started PATCH "/users/" for ::1 at 2021-07-07 12:18:31 -0700
  
ActionController::RoutingError (No route matches [PATCH] "/users"):
  
Started PATCH "/users/1" for ::1 at 2021-07-07 12:19:01 -0700
Processing by UsersController#update as */*
  Parameters: {"user"=>{"name"=>"'Tom'", "email"=>"'tomtom@gmail.com'"}, "id"=>"1"}
Completed 500 Internal Server Error in 1ms (Allocations: 500)


  
ArgumentError (wrong number of arguments (given 1, expected 0)):
  
app/controllers/users_controller.rb:22:in `update'
Started PATCH "/users/1" for ::1 at 2021-07-07 12:20:25 -0700
Processing by UsersController#update as */*
  Parameters: {"user"=>{"name"=>"'Tom'", "email"=>"'tomtom@gmail.com'"}, "id"=>"1"}
  [1m[36mUser Load (1.3ms)[0m  [1m[34mSELECT "users".* FROM "users" WHERE "users"."id" = $1 LIMIT $2[0m  [["id", 1], ["LIMIT", 1]]
  ↳ app/controllers/users_controller.rb:22:in `update'
  [1m[36mTRANSACTION (1.0ms)[0m  [1m[35mBEGIN[0m
  ↳ app/controllers/users_controller.rb:24:in `update'
  [1m[36mUser Update (2.3ms)[0m  [1m[33mUPDATE "users" SET "name" = $1, "email" = $2, "updated_at" = $3 WHERE "users"."id" = $4[0m  [["name", "'Tom'"], ["email", "'tomtom@gmail.com'"], ["updated_at", "2021-07-07 19:20:25.930935"], ["id", 1]]
  ↳ app/controllers/users_controller.rb:24:in `update'
  [1m[36mTRANSACTION (1.6ms)[0m  [1m[35mCOMMIT[0m
  ↳ app/controllers/users_controller.rb:24:in `update'
Completed 200 OK in 47ms (Views: 0.3ms | ActiveRecord: 26.5ms | Allocations: 8638)


Started DELETE "/users/3" for ::1 at 2021-07-07 12:23:16 -0700
Processing by UsersController#destroy as */*
  Parameters: {"id"=>"3"}
  [1m[36mUser Load (0.7ms)[0m  [1m[34mSELECT "users".* FROM "users" WHERE "users"."id" = $1 LIMIT $2[0m  [["id", 3], ["LIMIT", 1]]
  ↳ app/controllers/users_controller.rb:32:in `destroy'
Completed 404 Not Found in 26ms (ActiveRecord: 22.4ms | Allocations: 2482)


  
ActiveRecord::RecordNotFound (Couldn't find User with 'id'=3):
  
app/controllers/users_controller.rb:32:in `destroy'
Started DELETE "/users/1" for ::1 at 2021-07-07 12:23:37 -0700
Processing by UsersController#destroy as */*
  Parameters: {"id"=>"1"}
  [1m[36mUser Load (1.2ms)[0m  [1m[34mSELECT "users".* FROM "users" WHERE "users"."id" = $1 LIMIT $2[0m  [["id", 1], ["LIMIT", 1]]
  ↳ app/controllers/users_controller.rb:32:in `destroy'
  [1m[36mTRANSACTION (1.0ms)[0m  [1m[35mBEGIN[0m
  ↳ app/controllers/users_controller.rb:34:in `destroy'
  [1m[36mUser Destroy (1.2ms)[0m  [1m[31mDELETE FROM "users" WHERE "users"."id" = $1[0m  [["id", 1]]
  ↳ app/controllers/users_controller.rb:34:in `destroy'
  [1m[36mTRANSACTION (1.4ms)[0m  [1m[35mCOMMIT[0m
  ↳ app/controllers/users_controller.rb:34:in `destroy'
Completed 200 OK in 16ms (Views: 0.6ms | ActiveRecord: 4.8ms | Allocations: 4432)


Started GET "/users/" for ::1 at 2021-07-07 12:23:59 -0700
Processing by UsersController#index as */*
  [1m[36mUser Load (1.8ms)[0m  [1m[34mSELECT "users".* FROM "users"[0m
  ↳ app/controllers/users_controller.rb:4:in `index'
Completed 200 OK in 6ms (Views: 4.0ms | ActiveRecord: 1.8ms | Allocations: 1080)


